<?xml version="1.0" encoding="UTF-8"?>
<testng-results ignored="0" total="1" passed="1" failed="0" skipped="0">
  <reporter-output>
  </reporter-output>
  <suite started-at="2022-04-29T13:36:18 IST" name="Default suite" finished-at="2022-04-29T13:36:36 IST" duration-ms="18359">
    <groups>
    </groups>
    <test started-at="2022-04-29T13:36:18 IST" name="Default test" finished-at="2022-04-29T13:36:36 IST" duration-ms="18359">
      <class name="modelPopUps.PopupTest">
        <test-method is-config="true" signature="chromeLaunch()[pri:0, instance:modelPopUps.PopupTest@f736069]" started-at="2022-04-29T13:36:18 IST" name="chromeLaunch" finished-at="2022-04-29T13:36:23 IST" duration-ms="5126" status="PASS">
          <reporter-output>
          </reporter-output>
        </test-method> <!-- chromeLaunch -->
        <test-method signature="Chatboxpopup()[pri:0, instance:modelPopUps.PopupTest@f736069]" started-at="2022-04-29T13:36:23 IST" name="Chatboxpopup" finished-at="2022-04-29T13:36:35 IST" duration-ms="11990" status="PASS">
          <reporter-output>
          </reporter-output>
        </test-method> <!-- Chatboxpopup -->
        <test-method is-config="true" signature="close()[pri:0, instance:modelPopUps.PopupTest@f736069]" started-at="2022-04-29T13:36:35 IST" name="close" finished-at="2022-04-29T13:36:36 IST" duration-ms="1198" status="PASS">
          <reporter-output>
          </reporter-output>
        </test-method> <!-- close -->
      </class> <!-- modelPopUps.PopupTest -->
    </test> <!-- Default test -->
  </suite> <!-- Default suite -->
</testng-results>
